{"numTotalTestSuites":48,"numPassedTestSuites":42,"numFailedTestSuites":6,"numPendingTestSuites":0,"numTotalTests":247,"numPassedTests":239,"numFailedTests":8,"numPendingTests":0,"numTodoTests":0,"snapshot":{"added":0,"failure":false,"filesAdded":0,"filesRemoved":0,"filesRemovedList":[],"filesUnmatched":0,"filesUpdated":0,"matched":0,"total":0,"unchecked":0,"uncheckedKeysByFile":[],"unmatched":0,"updated":0,"didUpdate":false},"startTime":1772316603642,"success":false,"testResults":[{"assertionResults":[{"ancestorTitles":["App"],"fullName":"App renders without crashing","status":"failed","title":"renders without crashing","duration":383.10360000000037,"failureMessages":["ReferenceError: ResizeObserver is not defined\n    at D:/OneDrive/Code/theworkisthework/terraForge/src/renderer/src/components/PlotCanvas.tsx:127:16\n    at Object.react_stack_bottom_frame (D:\\OneDrive\\Code\\theworkisthework\\terraForge\\node_modules\\react-dom\\cjs\\react-dom-client.development.js:25989:20)\n    at runWithFiberInDEV (D:\\OneDrive\\Code\\theworkisthework\\terraForge\\node_modules\\react-dom\\cjs\\react-dom-client.development.js:874:13)\n    at commitHookEffectListMount (D:\\OneDrive\\Code\\theworkisthework\\terraForge\\node_modules\\react-dom\\cjs\\react-dom-client.development.js:13249:29)\n    at commitHookPassiveMountEffects (D:\\OneDrive\\Code\\theworkisthework\\terraForge\\node_modules\\react-dom\\cjs\\react-dom-client.development.js:13336:11)\n    at commitPassiveMountOnFiber (D:\\OneDrive\\Code\\theworkisthework\\terraForge\\node_modules\\react-dom\\cjs\\react-dom-client.development.js:15484:13)\n    at recursivelyTraversePassiveMountEffects (D:\\OneDrive\\Code\\theworkisthework\\terraForge\\node_modules\\react-dom\\cjs\\react-dom-client.development.js:15439:11)\n    at commitPassiveMountOnFiber (D:\\OneDrive\\Code\\theworkisthework\\terraForge\\node_modules\\react-dom\\cjs\\react-dom-client.development.js:15718:11)\n    at recursivelyTraversePassiveMountEffects (D:\\OneDrive\\Code\\theworkisthework\\terraForge\\node_modules\\react-dom\\cjs\\react-dom-client.development.js:15439:11)\n    at commitPassiveMountOnFiber (D:\\OneDrive\\Code\\theworkisthework\\terraForge\\node_modules\\react-dom\\cjs\\react-dom-client.development.js:15718:11)"],"meta":{}},{"ancestorTitles":["App"],"fullName":"App renders the Toolbar brand","status":"failed","title":"renders the Toolbar brand","duration":86.15949999999975,"failureMessages":["ReferenceError: ResizeObserver is not defined\n    at D:/OneDrive/Code/theworkisthework/terraForge/src/renderer/src/components/PlotCanvas.tsx:127:16\n    at Object.react_stack_bottom_frame (D:\\OneDrive\\Code\\theworkisthework\\terraForge\\node_modules\\react-dom\\cjs\\react-dom-client.development.js:25989:20)\n    at runWithFiberInDEV (D:\\OneDrive\\Code\\theworkisthework\\terraForge\\node_modules\\react-dom\\cjs\\react-dom-client.development.js:874:13)\n    at commitHookEffectListMount (D:\\OneDrive\\Code\\theworkisthework\\terraForge\\node_modules\\react-dom\\cjs\\react-dom-client.development.js:13249:29)\n    at commitHookPassiveMountEffects (D:\\OneDrive\\Code\\theworkisthework\\terraForge\\node_modules\\react-dom\\cjs\\react-dom-client.development.js:13336:11)\n    at commitPassiveMountOnFiber (D:\\OneDrive\\Code\\theworkisthework\\terraForge\\node_modules\\react-dom\\cjs\\react-dom-client.development.js:15484:13)\n    at recursivelyTraversePassiveMountEffects (D:\\OneDrive\\Code\\theworkisthework\\terraForge\\node_modules\\react-dom\\cjs\\react-dom-client.development.js:15439:11)\n    at commitPassiveMountOnFiber (D:\\OneDrive\\Code\\theworkisthework\\terraForge\\node_modules\\react-dom\\cjs\\react-dom-client.development.js:15718:11)\n    at recursivelyTraversePassiveMountEffects (D:\\OneDrive\\Code\\theworkisthework\\terraForge\\node_modules\\react-dom\\cjs\\react-dom-client.development.js:15439:11)\n    at commitPassiveMountOnFiber (D:\\OneDrive\\Code\\theworkisthework\\terraForge\\node_modules\\react-dom\\cjs\\react-dom-client.development.js:15718:11)"],"meta":{}},{"ancestorTitles":["App"],"fullName":"App renders the File Browser panel","status":"failed","title":"renders the File Browser panel","duration":119.6854000000003,"failureMessages":["ReferenceError: ResizeObserver is not defined\n    at D:/OneDrive/Code/theworkisthework/terraForge/src/renderer/src/components/PlotCanvas.tsx:127:16\n    at Object.react_stack_bottom_frame (D:\\OneDrive\\Code\\theworkisthework\\terraForge\\node_modules\\react-dom\\cjs\\react-dom-client.development.js:25989:20)\n    at runWithFiberInDEV (D:\\OneDrive\\Code\\theworkisthework\\terraForge\\node_modules\\react-dom\\cjs\\react-dom-client.development.js:874:13)\n    at commitHookEffectListMount (D:\\OneDrive\\Code\\theworkisthework\\terraForge\\node_modules\\react-dom\\cjs\\react-dom-client.development.js:13249:29)\n    at commitHookPassiveMountEffects (D:\\OneDrive\\Code\\theworkisthework\\terraForge\\node_modules\\react-dom\\cjs\\react-dom-client.development.js:13336:11)\n    at commitPassiveMountOnFiber (D:\\OneDrive\\Code\\theworkisthework\\terraForge\\node_modules\\react-dom\\cjs\\react-dom-client.development.js:15484:13)\n    at recursivelyTraversePassiveMountEffects (D:\\OneDrive\\Code\\theworkisthework\\terraForge\\node_modules\\react-dom\\cjs\\react-dom-client.development.js:15439:11)\n    at commitPassiveMountOnFiber (D:\\OneDrive\\Code\\theworkisthework\\terraForge\\node_modules\\react-dom\\cjs\\react-dom-client.development.js:15718:11)\n    at recursivelyTraversePassiveMountEffects (D:\\OneDrive\\Code\\theworkisthework\\terraForge\\node_modules\\react-dom\\cjs\\react-dom-client.development.js:15439:11)\n    at commitPassiveMountOnFiber (D:\\OneDrive\\Code\\theworkisthework\\terraForge\\node_modules\\react-dom\\cjs\\react-dom-client.development.js:15718:11)"],"meta":{}},{"ancestorTitles":["App"],"fullName":"App renders the Properties panel","status":"failed","title":"renders the Properties panel","duration":86.29160000000047,"failureMessages":["ReferenceError: ResizeObserver is not defined\n    at D:/OneDrive/Code/theworkisthework/terraForge/src/renderer/src/components/PlotCanvas.tsx:127:16\n    at Object.react_stack_bottom_frame (D:\\OneDrive\\Code\\theworkisthework\\terraForge\\node_modules\\react-dom\\cjs\\react-dom-client.development.js:25989:20)\n    at runWithFiberInDEV (D:\\OneDrive\\Code\\theworkisthework\\terraForge\\node_modules\\react-dom\\cjs\\react-dom-client.development.js:874:13)\n    at commitHookEffectListMount (D:\\OneDrive\\Code\\theworkisthework\\terraForge\\node_modules\\react-dom\\cjs\\react-dom-client.development.js:13249:29)\n    at commitHookPassiveMountEffects (D:\\OneDrive\\Code\\theworkisthework\\terraForge\\node_modules\\react-dom\\cjs\\react-dom-client.development.js:13336:11)\n    at commitPassiveMountOnFiber (D:\\OneDrive\\Code\\theworkisthework\\terraForge\\node_modules\\react-dom\\cjs\\react-dom-client.development.js:15484:13)\n    at recursivelyTraversePassiveMountEffects (D:\\OneDrive\\Code\\theworkisthework\\terraForge\\node_modules\\react-dom\\cjs\\react-dom-client.development.js:15439:11)\n    at commitPassiveMountOnFiber (D:\\OneDrive\\Code\\theworkisthework\\terraForge\\node_modules\\react-dom\\cjs\\react-dom-client.development.js:15718:11)\n    at recursivelyTraversePassiveMountEffects (D:\\OneDrive\\Code\\theworkisthework\\terraForge\\node_modules\\react-dom\\cjs\\react-dom-client.development.js:15439:11)\n    at commitPassiveMountOnFiber (D:\\OneDrive\\Code\\theworkisthework\\terraForge\\node_modules\\react-dom\\cjs\\react-dom-client.development.js:15718:11)"],"meta":{}},{"ancestorTitles":["App"],"fullName":"App subscribes to IPC channels on mount","status":"failed","title":"subscribes to IPC channels on mount","duration":55.828700000000026,"failureMessages":["ReferenceError: ResizeObserver is not defined\n    at D:/OneDrive/Code/theworkisthework/terraForge/src/renderer/src/components/PlotCanvas.tsx:127:16\n    at Object.react_stack_bottom_frame (D:\\OneDrive\\Code\\theworkisthework\\terraForge\\node_modules\\react-dom\\cjs\\react-dom-client.development.js:25989:20)\n    at runWithFiberInDEV (D:\\OneDrive\\Code\\theworkisthework\\terraForge\\node_modules\\react-dom\\cjs\\react-dom-client.development.js:874:13)\n    at commitHookEffectListMount (D:\\OneDrive\\Code\\theworkisthework\\terraForge\\node_modules\\react-dom\\cjs\\react-dom-client.development.js:13249:29)\n    at commitHookPassiveMountEffects (D:\\OneDrive\\Code\\theworkisthework\\terraForge\\node_modules\\react-dom\\cjs\\react-dom-client.development.js:13336:11)\n    at commitPassiveMountOnFiber (D:\\OneDrive\\Code\\theworkisthework\\terraForge\\node_modules\\react-dom\\cjs\\react-dom-client.development.js:15484:13)\n    at recursivelyTraversePassiveMountEffects (D:\\OneDrive\\Code\\theworkisthework\\terraForge\\node_modules\\react-dom\\cjs\\react-dom-client.development.js:15439:11)\n    at commitPassiveMountOnFiber (D:\\OneDrive\\Code\\theworkisthework\\terraForge\\node_modules\\react-dom\\cjs\\react-dom-client.development.js:15718:11)\n    at recursivelyTraversePassiveMountEffects (D:\\OneDrive\\Code\\theworkisthework\\terraForge\\node_modules\\react-dom\\cjs\\react-dom-client.development.js:15439:11)\n    at commitPassiveMountOnFiber (D:\\OneDrive\\Code\\theworkisthework\\terraForge\\node_modules\\react-dom\\cjs\\react-dom-client.development.js:15718:11)"],"meta":{}}],"startTime":1772316612681,"endTime":1772316613412.8286,"status":"failed","message":"","name":"D:/OneDrive/Code/theworkisthework/terraForge/tests/component/App.test.tsx"},{"assertionResults":[{"ancestorTitles":["ConsolePanel"],"fullName":"ConsolePanel renders the Console heading","status":"passed","title":"renders the Console heading","duration":130.69540000000052,"failureMessages":[],"meta":{}},{"ancestorTitles":["ConsolePanel"],"fullName":"ConsolePanel shows console lines from the store","status":"passed","title":"shows console lines from the store","duration":23.194799999999304,"failureMessages":[],"meta":{}},{"ancestorTitles":["ConsolePanel"],"fullName":"ConsolePanel clears lines when Clear button clicked","status":"passed","title":"clears lines when Clear button clicked","duration":722.5321999999996,"failureMessages":[],"meta":{}},{"ancestorTitles":["ConsolePanel"],"fullName":"ConsolePanel disables command input when not connected","status":"passed","title":"disables command input when not connected","duration":20.20100000000093,"failureMessages":[],"meta":{}},{"ancestorTitles":["ConsolePanel"],"fullName":"ConsolePanel enables command input when connected","status":"passed","title":"enables command input when connected","duration":19.800500000001193,"failureMessages":[],"meta":{}},{"ancestorTitles":["ConsolePanel"],"fullName":"ConsolePanel shows machine state badge when status is present","status":"passed","title":"shows machine state badge when status is present","duration":17.696799999999712,"failureMessages":[],"meta":{}},{"ancestorTitles":["ConsolePanel"],"fullName":"ConsolePanel shows alarm button when state is Alarm","status":"passed","title":"shows alarm button when state is Alarm","duration":13.901299999999537,"failureMessages":[],"meta":{}},{"ancestorTitles":["ConsolePanel"],"fullName":"ConsolePanel shows position coordinates when status present","status":"passed","title":"shows position coordinates when status present","duration":17.89589999999953,"failureMessages":[],"meta":{}},{"ancestorTitles":["ConsolePanel"],"fullName":"ConsolePanel shows Restart FW button when connected","status":"passed","title":"shows Restart FW button when connected","duration":15.353800000000774,"failureMessages":[],"meta":{}},{"ancestorTitles":["ConsolePanel"],"fullName":"ConsolePanel hides Restart FW button when disconnected","status":"passed","title":"hides Restart FW button when disconnected","duration":13.42279999999846,"failureMessages":[],"meta":{}}],"startTime":1772316614944,"endTime":1772316615939.4229,"status":"passed","message":"","name":"D:/OneDrive/Code/theworkisthework/terraForge/tests/component/ConsolePanel.test.tsx"},{"assertionResults":[{"ancestorTitles":["FileBrowserPanel"],"fullName":"FileBrowserPanel renders the File Browser heading","status":"passed","title":"renders the File Browser heading","duration":188.34410000000025,"failureMessages":[],"meta":{}},{"ancestorTitles":["FileBrowserPanel"],"fullName":"FileBrowserPanel renders internal and sdcard sections","status":"passed","title":"renders internal and sdcard sections","duration":38.87069999999949,"failureMessages":[],"meta":{}},{"ancestorTitles":["FileBrowserPanel"],"fullName":"FileBrowserPanel shows 'Not connected' when disconnected","status":"passed","title":"shows 'Not connected' when disconnected","duration":24.40819999999985,"failureMessages":[],"meta":{}},{"ancestorTitles":["FileBrowserPanel"],"fullName":"FileBrowserPanel renders upload buttons for both filesystems","status":"failed","title":"renders upload buttons for both filesystems","duration":60.08220000000074,"failureMessages":["TestingLibraryElementError: Found multiple elements with the text: /Upload to \\//\n\nHere are the matching elements:\n\nIgnored nodes: comments, script, style\n\u001b[36m<button\u001b[39m\n  \u001b[33mclass\u001b[39m=\u001b[32m\"w-full text-[10px] py-1 rounded disabled:opacity-40 transition-colors bg-[#0f3460] hover:bg-[#1a4a8a] text-gray-200\"\u001b[39m\n  \u001b[33mdisabled\u001b[39m=\u001b[32m\"\"\u001b[39m\n\u001b[36m>\u001b[39m\n  \u001b[0m↑ Upload to \u001b[0m\n  \u001b[0m/\u001b[0m\n\u001b[36m</button>\u001b[39m\n\nIgnored nodes: comments, script, style\n\u001b[36m<button\u001b[39m\n  \u001b[33mclass\u001b[39m=\u001b[32m\"w-full text-[10px] py-1 rounded disabled:opacity-40 transition-colors bg-[#3d1060] hover:bg-[#5a1a90] text-gray-200\"\u001b[39m\n  \u001b[33mdisabled\u001b[39m=\u001b[32m\"\"\u001b[39m\n\u001b[36m>\u001b[39m\n  \u001b[0m↑ Upload to \u001b[0m\n  \u001b[0m/\u001b[0m\n\u001b[36m</button>\u001b[39m\n\n(If this is intentional, then use the `*AllBy*` variant of the query (like `queryAllByText`, `getAllByText`, or `findAllByText`)).\n\nIgnored nodes: comments, script, style\n\u001b[36m<body>\u001b[39m\n  \u001b[36m<div>\u001b[39m\n    \u001b[36m<div\u001b[39m\n      \u001b[33mclass\u001b[39m=\u001b[32m\"flex flex-col h-full\"\u001b[39m\n    \u001b[36m>\u001b[39m\n      \u001b[36m<div\u001b[39m\n        \u001b[33mclass\u001b[39m=\u001b[32m\"flex items-center px-3 py-2 border-b border-[#0f3460] shrink-0\"\u001b[39m\n      \u001b[36m>\u001b[39m\n        \u001b[36m<span\u001b[39m\n          \u001b[33mclass\u001b[39m=\u001b[32m\"text-xs font-semibold uppercase tracking-wider text-gray-400\"\u001b[39m\n        \u001b[36m>\u001b[39m\n          \u001b[0mFile Browser\u001b[0m\n        \u001b[36m</span>\u001b[39m\n      \u001b[36m</div>\u001b[39m\n      \u001b[36m<div\u001b[39m\n        \u001b[33mclass\u001b[39m=\u001b[32m\"flex-1 overflow-y-auto\"\u001b[39m\n      \u001b[36m>\u001b[39m\n        \u001b[36m<div\u001b[39m\n          \u001b[33mclass\u001b[39m=\u001b[32m\"flex flex-col border-b border-[#0f3460]\"\u001b[39m\n        \u001b[36m>\u001b[39m\n          \u001b[36m<div\u001b[39m\n            \u001b[33mclass\u001b[39m=\u001b[32m\"flex items-center justify-between px-3 py-1.5 cursor-pointer select-none bg-[#0a1628]\"\u001b[39m\n          \u001b[36m>\u001b[39m\n            \u001b[36m<span\u001b[39m\n              \u001b[33mclass\u001b[39m=\u001b[32m\"text-[10px] font-bold uppercase tracking-widest text-[#60a0ff]\"\u001b[39m\n            \u001b[36m>\u001b[39m\n              \u001b[0m▾\u001b[0m\n              \u001b[0m \u001b[0m\n              \u001b[0minternal\u001b[0m\n            \u001b[36m</span>\u001b[39m\n            \u001b[36m<button\u001b[39m\n              \u001b[33mclass\u001b[39m=\u001b[32m\"text-xs disabled:opacity-40 transition-colors text-[#60a0ff] hover:text-white\"\u001b[39m\n              \u001b[33mdisabled\u001b[39m=\u001b[32m\"\"\u001b[39m\n              \u001b[33mtitle\u001b[39m=\u001b[32m\"Refresh\"\u001b[39m\n            \u001b[36m>\u001b[39m\n              \u001b[0m↻\u001b[0m\n            \u001b[36m</button>\u001b[39m\n          \u001b[36m</div>\u001b[39m\n          \u001b[36m<div\u001b[39m\n            \u001b[33mclass\u001b[39m=\u001b[32m\"flex items-center gap-1 px-2 py-1 border-b border-[#0f3460]/50 min-h-[24px]\"\u001b[39m\n          \u001b[36m>\u001b[39m\n            \u001b[36m<button\u001b[39m\n              \u001b[33mclass\u001b[39m=\u001b[32m\"text-gray-400 hover:text-white disabled:opacity-30 mr-0.5 transition-colors leading-none\"\u001b[39m\n              \u001b[33mdisabled\u001b[39m=\u001b[32m\"\"\u001b[39m\n              \u001b[33mtitle\u001b[39m=\u001b[32m\"Up\"\u001b[39m\n            \u001b[36m>\u001b[39m\n              \u001b[0m↑\u001b[0m\n            \u001b[36m</button>\u001b[39m\n            \u001b[36m<div\u001b[39m\n              \u001b[33mclass\u001b[39m=\u001b[32m\"flex items-center gap-0.5 text-[10px] overflow-x-auto flex-1 min-w-0\"\u001b[39m\n            \u001b[36m>\u001b[39m\n              \u001b[36m<button\u001b[39m\n                \u001b[33mclass\u001b[39m=\u001b[32m\"text-white font-semibold\"\u001b[39m\n              \u001b[36m>\u001b[39m\n                \u001b[0m/\u001b[0m\n              \u001b[36m</button>\u001b[39m\n            \u001b[36m</div>\u001b[39m\n          \u001b[36m</div>\u001b[39m\n          \u001b[36m<div\u001b[39m\n            \u001b[33mclass\u001b[39m=\u001b[32m\"overflow-y-auto\"\u001b[39m\n            \u001b[33mstyle\u001b[39m=\u001b[32m\"max-height: 240px;\"\u001b[39m\n          \u001b[36m>\u001b[39m\n            \u001b[36m<p\u001b[39m\n              \u001b[33mclass\u001b[39m=\u001b[32m\"text-[10px] text-gray-600 text-center py-4 px-3\"\u001b[39m\n            \u001b[36m>\u001b[39m\n              \u001b[0mNot connected.\u001b[0m\n            \u001b[36m</p>\u001b[39m\n          \u001b[36m</div>\u001b[39m\n          \u001b[36m<div\u001b[39m\n            \u001b[33mclass\u001b[39m=\u001b[32m\"px-2 py-1.5 border-t border-[#0f3460]/50\"\u001b[39m\n          \u001b[36m>\u001b[39m\n            \u001b[36m<button\u001b[39m\n              \u001b[33mclass\u001b[39m=\u001b[32m\"w-full text-[10px] py-1 rounded disabled:opacity-40 transition-colors bg-[#0f3460] hover:bg-[#1a4a8a] text-gray-200\"\u001b[39m\n              \u001b[33mdisabled\u001b[39m=\u001b[32m\"\"\u001b[39m\n            \u001b[36m>\u001b[39m\n              \u001b[0m↑ Upload to \u001b[0m\n              \u001b[0m/\u001b[0m\n            \u001b[36m</button>\u001b[39m\n          \u001b[36m</div>\u001b[39m\n        \u001b[36m</div>\u001b[39m\n        \u001b[36m<div\u001b[39m\n          \u001b[33mclass\u001b[39m=\u001b[32m\"flex flex-col border-b border-[#3d1060]\"\u001b[39m\n        \u001b[36m>\u001b[39m\n          \u001b[36m<div\u001b[39m\n            \u001b[33mclass\u001b[39m=\u001b[32m\"flex items-center justify-between px-3 py-1.5 cursor-pointer select-none bg-[#1a0d1a]\"\u001b[39m\n          \u001b[36m>\u001b[39m\n            \u001b[36m<span\u001b[39m\n              \u001b[33mclass\u001b[39m=\u001b[32m\"text-[10px] font-bold uppercase tracking-widest text-[#c084fc]\"\u001b[39m\n            \u001b[36m>\u001b[39m\n              \u001b[0m▾\u001b[0m\n              \u001b[0m \u001b[0m\n              \u001b[0msdcard\u001b[0m\n            \u001b[36m</span>\u001b[39m\n            \u001b[36m<button\u001b[39m\n              \u001b[33mclass\u001b[39m=\u001b[32m\"text-xs disabled:opacity-40 transition-colors text-[#c084fc] hover:text-white\"\u001b[39m\n              \u001b[33mdisabled\u001b[39m=\u001b[32m\"\"\u001b[39m\n              \u001b[33mtitle\u001b[39m=\u001b[32m\"Refresh\"\u001b[39m\n            \u001b[36m>\u001b[39m\n              \u001b[0m↻\u001b[0m\n            \u001b[36m</button>\u001b[39m\n          \u001b[36m</div>\u001b[39m\n          \u001b[36m<div\u001b[39m\n            \u001b[33mclass\u001b[39m=\u001b[32m\"flex items-center gap-1 px-2 py-1 border-b border-[#3d1060]/50 min-h-[24px]\"\u001b[39m\n          \u001b[36m>\u001b[39m\n            \u001b[36m<button\u001b[39m\n              \u001b[33mclass\u001b[39m=\u001b[32m\"text-gray-400 hover:text-white disabled:opacity-30 mr-0.5 transition-colors leading-none\"\u001b[39m\n              \u001b[33mdisabled\u001b[39m=\u001b[32m\"\"\u001b[39m\n              \u001b[33mtitle\u001b[39m=\u001b[32m\"Up\"\u001b[39m\n            \u001b[36m>\u001b[39m\n              \u001b[0m↑\u001b[0m\n            \u001b[36m</button>\u001b[39m\n            \u001b[36m<div\u001b[39m\n              \u001b[33mclass\u001b[39m=\u001b[32m\"flex items-center gap-0.5 text-[10px] overflow-x-auto flex-1 min-w-0\"\u001b[39m\n            \u001b[36m>\u001b[39m\n              \u001b[36m<button\u001b[39m\n                \u001b[33mclass\u001b[39m=\u001b[32m\"text-white font-semibold\"\u001b[39m\n              \u001b[36m>\u001b[39m\n                \u001b[0m/\u001b[0m\n              \u001b[36m</button>\u001b[39m\n            \u001b[36m</div>\u001b[39m\n          \u001b[36m</div>\u001b[39m\n          \u001b[36m<div\u001b[39m\n            \u001b[33mclass\u001b[39m=\u001b[32m\"overflow-y-auto\"\u001b[39m\n            \u001b[33mstyle\u001b[39m=\u001b[32m\"max-height: 240px;\"\u001b[39m\n          \u001b[36m>\u001b[39m\n            \u001b[36m<p\u001b[39m\n              \u001b[33mclass\u001b[39m=\u001b[32m\"text-[10px] text-gray-600 text-center py-4 px-3\"\u001b[39m\n            \u001b[36m>\u001b[39m\n              \u001b[0mNot connected.\u001b[0m\n            \u001b[36m</p>\u001b[39m\n          \u001b[36m</div>\u001b[39m\n          \u001b[36m<div\u001b[39m\n            \u001b[33mclass\u001b[39m=\u001b[32m\"px-2 py-1.5 border-t border-[#3d1060]/50\"\u001b[39m\n          \u001b[36m>\u001b[39m\n            \u001b[36m<button\u001b[39m\n              \u001b[33mclass\u001b[39m=\u001b[32m\"w-full text-[10px] py-1 rounded disabled:opacity-40 transition-colors bg-[#3d1060] hover:bg-[#5a1a90] text-gray-200\"\u001b[39m\n              \u001b[33mdisabled\u001b[39m=\u001b[32m\"\"\u001b[39m\n            \u001b[36m>\u001b[39m\n              \u001b[0m↑ Upload to \u001b[0m\n              \u001b[0m/\u001b[0m\n            \u001b[36m</button>\u001b[39m\n          \u001b[36m</div>\u001b[39m\n        \u001b[36m</div>\u001b[39m\n      \u001b[36m</div>\u001b[39m\n    \u001b[36m</div>\u001b[39m\n  \u001b[36m</div>\u001b[39m\n\u001b[36m</body>\u001b[39m\n    at Object.getElementError (D:\\OneDrive\\Code\\theworkisthework\\terraForge\\node_modules\\@testing-library\\dom\\dist\\config.js:37:19)\n    at getElementError (D:\\OneDrive\\Code\\theworkisthework\\terraForge\\node_modules\\@testing-library\\dom\\dist\\query-helpers.js:20:35)\n    at getMultipleElementsFoundError (D:\\OneDrive\\Code\\theworkisthework\\terraForge\\node_modules\\@testing-library\\dom\\dist\\query-helpers.js:23:10)\n    at D:\\OneDrive\\Code\\theworkisthework\\terraForge\\node_modules\\@testing-library\\dom\\dist\\query-helpers.js:55:13\n    at D:\\OneDrive\\Code\\theworkisthework\\terraForge\\node_modules\\@testing-library\\dom\\dist\\query-helpers.js:95:19\n    at D:/OneDrive/Code/theworkisthework/terraForge/tests/component/FileBrowserPanel.test.tsx:44:19\n    at file:///D:/OneDrive/Code/theworkisthework/terraForge/node_modules/@vitest/runner/dist/index.js:145:11\n    at file:///D:/OneDrive/Code/theworkisthework/terraForge/node_modules/@vitest/runner/dist/index.js:915:26\n    at file:///D:/OneDrive/Code/theworkisthework/terraForge/node_modules/@vitest/runner/dist/index.js:1243:20\n    at new Promise (<anonymous>)"],"meta":{}}],"startTime":1772316611854,"endTime":1772316612166.0823,"status":"failed","message":"","name":"D:/OneDrive/Code/theworkisthework/terraForge/tests/component/FileBrowserPanel.test.tsx"},{"assertionResults":[{"ancestorTitles":["JobControls"],"fullName":"JobControls renders the Job heading","status":"passed","title":"renders the Job heading","duration":135.08110000000124,"failureMessages":[],"meta":{}},{"ancestorTitles":["JobControls"],"fullName":"JobControls shows 'no file selected' placeholder when no job file","status":"passed","title":"shows 'no file selected' placeholder when no job file","duration":17.50710000000072,"failureMessages":[],"meta":{}},{"ancestorTitles":["JobControls"],"fullName":"JobControls shows selected file name when a job file is set","status":"failed","title":"shows selected file name when a job file is set","duration":32.413000000000466,"failureMessages":["TestingLibraryElementError: Unable to find an element with the text: test.gcode. This could be because the text is broken up by multiple elements. In this case, you can provide a function for your text matcher to make your matcher more flexible.\n\nIgnored nodes: comments, script, style\n\u001b[36m<body>\u001b[39m\n  \u001b[36m<div>\u001b[39m\n    \u001b[36m<div\u001b[39m\n      \u001b[33mclass\u001b[39m=\u001b[32m\"flex flex-col h-full p-3 gap-2\"\u001b[39m\n    \u001b[36m>\u001b[39m\n      \u001b[36m<span\u001b[39m\n        \u001b[33mclass\u001b[39m=\u001b[32m\"text-xs font-semibold uppercase tracking-wider text-gray-400 mb-1\"\u001b[39m\n      \u001b[36m>\u001b[39m\n        \u001b[0mJob\u001b[0m\n      \u001b[36m</span>\u001b[39m\n      \u001b[36m<div\u001b[39m\n        \u001b[33mclass\u001b[39m=\u001b[32m\"text-[9px] truncate px-0.5 -mt-1 mb-0.5\"\u001b[39m\n        \u001b[33mtitle\u001b[39m=\u001b[32m\"/test.gcode\"\u001b[39m\n      \u001b[36m>\u001b[39m\n        \u001b[36m<span\u001b[39m\n          \u001b[33mclass\u001b[39m=\u001b[32m\"text-gray-300\"\u001b[39m\n        \u001b[36m>\u001b[39m\n          \u001b[0m📄\u001b[0m\n          \u001b[0m \u001b[0m\n          \u001b[0mtest.gcode\u001b[0m\n        \u001b[36m</span>\u001b[39m\n      \u001b[36m</div>\u001b[39m\n      \u001b[36m<button\u001b[39m\n        \u001b[33mclass\u001b[39m=\u001b[32m\"w-full py-1.5 rounded text-xs font-medium transition-colors disabled:opacity-40 bg-[#e94560] hover:bg-[#c73d56] text-white\"\u001b[39m\n        \u001b[33mdisabled\u001b[39m=\u001b[32m\"\"\u001b[39m\n      \u001b[36m>\u001b[39m\n        \u001b[0m▶ Start job\u001b[0m\n      \u001b[36m</button>\u001b[39m\n      \u001b[36m<div\u001b[39m\n        \u001b[33mclass\u001b[39m=\u001b[32m\"mt-auto\"\u001b[39m\n      \u001b[36m/>\u001b[39m\n    \u001b[36m</div>\u001b[39m\n  \u001b[36m</div>\u001b[39m\n\u001b[36m</body>\u001b[39m\n    at Object.getElementError (D:\\OneDrive\\Code\\theworkisthework\\terraForge\\node_modules\\@testing-library\\dom\\dist\\config.js:37:19)\n    at D:\\OneDrive\\Code\\theworkisthework\\terraForge\\node_modules\\@testing-library\\dom\\dist\\query-helpers.js:76:38\n    at D:\\OneDrive\\Code\\theworkisthework\\terraForge\\node_modules\\@testing-library\\dom\\dist\\query-helpers.js:52:17\n    at D:\\OneDrive\\Code\\theworkisthework\\terraForge\\node_modules\\@testing-library\\dom\\dist\\query-helpers.js:95:19\n    at D:/OneDrive/Code/theworkisthework/terraForge/tests/component/JobControls.test.tsx:37:19\n    at file:///D:/OneDrive/Code/theworkisthework/terraForge/node_modules/@vitest/runner/dist/index.js:145:11\n    at file:///D:/OneDrive/Code/theworkisthework/terraForge/node_modules/@vitest/runner/dist/index.js:915:26\n    at file:///D:/OneDrive/Code/theworkisthework/terraForge/node_modules/@vitest/runner/dist/index.js:1243:20\n    at new Promise (<anonymous>)\n    at runWithTimeout (file:///D:/OneDrive/Code/theworkisthework/terraForge/node_modules/@vitest/runner/dist/index.js:1209:10)"],"meta":{}},{"ancestorTitles":["JobControls"],"fullName":"JobControls shows warning for non-gcode file","status":"passed","title":"shows warning for non-gcode file","duration":12.096400000000358,"failureMessages":[],"meta":{}},{"ancestorTitles":["JobControls"],"fullName":"JobControls disables start button when not connected","status":"passed","title":"disables start button when not connected","duration":13.637000000000626,"failureMessages":[],"meta":{}},{"ancestorTitles":["JobControls"],"fullName":"JobControls shows progress bar when state is Run","status":"passed","title":"shows progress bar when state is Run","duration":101.18609999999899,"failureMessages":[],"meta":{}},{"ancestorTitles":["JobControls"],"fullName":"JobControls shows Pause button when running","status":"passed","title":"shows Pause button when running","duration":6.863600000000588,"failureMessages":[],"meta":{}},{"ancestorTitles":["JobControls"],"fullName":"JobControls shows Resume button when held","status":"passed","title":"shows Resume button when held","duration":25.93329999999878,"failureMessages":[],"meta":{}},{"ancestorTitles":["JobControls"],"fullName":"JobControls shows Abort button when job is active","status":"passed","title":"shows Abort button when job is active","duration":9.90020000000004,"failureMessages":[],"meta":{}},{"ancestorTitles":["JobControls"],"fullName":"JobControls calls pauseJob when Pause clicked","status":"passed","title":"calls pauseJob when Pause clicked","duration":656.9585999999999,"failureMessages":[],"meta":{}},{"ancestorTitles":["JobControls"],"fullName":"JobControls calls resumeJob when Resume clicked","status":"passed","title":"calls resumeJob when Resume clicked","duration":259.53670000000056,"failureMessages":[],"meta":{}},{"ancestorTitles":["JobControls"],"fullName":"JobControls shows local file indicator with upload note","status":"failed","title":"shows local file indicator with upload note","duration":11.649100000000544,"failureMessages":["TestingLibraryElementError: Unable to find an element with the text: art.gcode. This could be because the text is broken up by multiple elements. In this case, you can provide a function for your text matcher to make your matcher more flexible.\n\nIgnored nodes: comments, script, style\n\u001b[36m<body>\u001b[39m\n  \u001b[36m<div>\u001b[39m\n    \u001b[36m<div\u001b[39m\n      \u001b[33mclass\u001b[39m=\u001b[32m\"flex flex-col h-full p-3 gap-2\"\u001b[39m\n    \u001b[36m>\u001b[39m\n      \u001b[36m<span\u001b[39m\n        \u001b[33mclass\u001b[39m=\u001b[32m\"text-xs font-semibold uppercase tracking-wider text-gray-400 mb-1\"\u001b[39m\n      \u001b[36m>\u001b[39m\n        \u001b[0mJob\u001b[0m\n      \u001b[36m</span>\u001b[39m\n      \u001b[36m<div\u001b[39m\n        \u001b[33mclass\u001b[39m=\u001b[32m\"text-[9px] truncate px-0.5 -mt-1 mb-0.5\"\u001b[39m\n        \u001b[33mtitle\u001b[39m=\u001b[32m\"C:\\\\files\\\\art.gcode\"\u001b[39m\n      \u001b[36m>\u001b[39m\n        \u001b[36m<span\u001b[39m\n          \u001b[33mclass\u001b[39m=\u001b[32m\"text-gray-300\"\u001b[39m\n        \u001b[36m>\u001b[39m\n          \u001b[0m🖥\u001b[0m\n          \u001b[0m \u001b[0m\n          \u001b[0mart.gcode\u001b[0m\n          \u001b[36m<span\u001b[39m\n            \u001b[33mclass\u001b[39m=\u001b[32m\"text-gray-500 ml-1\"\u001b[39m\n          \u001b[36m>\u001b[39m\n            \u001b[0m(local — will upload)\u001b[0m\n          \u001b[36m</span>\u001b[39m\n        \u001b[36m</span>\u001b[39m\n      \u001b[36m</div>\u001b[39m\n      \u001b[36m<button\u001b[39m\n        \u001b[33mclass\u001b[39m=\u001b[32m\"w-full py-1.5 rounded text-xs font-medium transition-colors disabled:opacity-40 bg-[#e94560] hover:bg-[#c73d56] text-white\"\u001b[39m\n      \u001b[36m>\u001b[39m\n        \u001b[0m▶ Start job\u001b[0m\n      \u001b[36m</button>\u001b[39m\n      \u001b[36m<div\u001b[39m\n        \u001b[33mclass\u001b[39m=\u001b[32m\"mt-auto\"\u001b[39m\n      \u001b[36m/>\u001b[39m\n    \u001b[36m</div>\u001b[39m\n  \u001b[36m</div>\u001b[39m\n\u001b[36m</body>\u001b[39m\n    at Object.getElementError (D:\\OneDrive\\Code\\theworkisthework\\terraForge\\node_modules\\@testing-library\\dom\\dist\\config.js:37:19)\n    at D:\\OneDrive\\Code\\theworkisthework\\terraForge\\node_modules\\@testing-library\\dom\\dist\\query-helpers.js:76:38\n    at D:\\OneDrive\\Code\\theworkisthework\\terraForge\\node_modules\\@testing-library\\dom\\dist\\query-helpers.js:52:17\n    at D:\\OneDrive\\Code\\theworkisthework\\terraForge\\node_modules\\@testing-library\\dom\\dist\\query-helpers.js:95:19\n    at D:/OneDrive/Code/theworkisthework/terraForge/tests/component/JobControls.test.tsx:154:19\n    at file:///D:/OneDrive/Code/theworkisthework/terraForge/node_modules/@vitest/runner/dist/index.js:145:11\n    at file:///D:/OneDrive/Code/theworkisthework/terraForge/node_modules/@vitest/runner/dist/index.js:915:26\n    at file:///D:/OneDrive/Code/theworkisthework/terraForge/node_modules/@vitest/runner/dist/index.js:1243:20\n    at new Promise (<anonymous>)\n    at runWithTimeout (file:///D:/OneDrive/Code/theworkisthework/terraForge/node_modules/@vitest/runner/dist/index.js:1209:10)"],"meta":{}}],"startTime":1772316612094,"endTime":1772316613377.6492,"status":"failed","message":"","name":"D:/OneDrive/Code/theworkisthework/terraForge/tests/component/JobControls.test.tsx"},{"assertionResults":[{"ancestorTitles":["JogControls"],"fullName":"JogControls renders the heading","status":"passed","title":"renders the heading","duration":234.73159999999916,"failureMessages":[],"meta":{}},{"ancestorTitles":["JogControls"],"fullName":"JogControls renders step selector buttons","status":"passed","title":"renders step selector buttons","duration":90.46140000000014,"failureMessages":[],"meta":{}},{"ancestorTitles":["JogControls"],"fullName":"JogControls renders XY direction buttons","status":"passed","title":"renders XY direction buttons","duration":43.245999999999185,"failureMessages":[],"meta":{}},{"ancestorTitles":["JogControls"],"fullName":"JogControls renders Z control buttons","status":"passed","title":"renders Z control buttons","duration":15.782500000001164,"failureMessages":[],"meta":{}},{"ancestorTitles":["JogControls"],"fullName":"JogControls renders home button","status":"passed","title":"renders home button","duration":14.722599999999147,"failureMessages":[],"meta":{}},{"ancestorTitles":["JogControls"],"fullName":"JogControls renders feedrate input with default value","status":"passed","title":"renders feedrate input with default value","duration":654.6382999999987,"failureMessages":[],"meta":{}},{"ancestorTitles":["JogControls"],"fullName":"JogControls sends jog command when direction button clicked","status":"passed","title":"sends jog command when direction button clicked","duration":277.71320000000014,"failureMessages":[],"meta":{}},{"ancestorTitles":["JogControls"],"fullName":"JogControls sends Z jog command","status":"passed","title":"sends Z jog command","duration":211.38770000000113,"failureMessages":[],"meta":{}},{"ancestorTitles":["JogControls"],"fullName":"JogControls sends home command when ⌂ clicked","status":"passed","title":"sends home command when ⌂ clicked","duration":229.0635999999995,"failureMessages":[],"meta":{}},{"ancestorTitles":["JogControls"],"fullName":"JogControls renders close button when onClose prop provided","status":"passed","title":"renders close button when onClose prop provided","duration":22.17500000000109,"failureMessages":[],"meta":{}},{"ancestorTitles":["JogControls"],"fullName":"JogControls does not render close button when onClose not provided","status":"passed","title":"does not render close button when onClose not provided","duration":12.954200000000128,"failureMessages":[],"meta":{}}],"startTime":1772316612924,"endTime":1772316614731.954,"status":"passed","message":"","name":"D:/OneDrive/Code/theworkisthework/terraForge/tests/component/JogControls.test.tsx"},{"assertionResults":[{"ancestorTitles":["MachineConfigDialog"],"fullName":"MachineConfigDialog renders the dialog heading","status":"passed","title":"renders the dialog heading","duration":394.27820000000065,"failureMessages":[],"meta":{}},{"ancestorTitles":["MachineConfigDialog"],"fullName":"MachineConfigDialog shows the existing config in the sidebar","status":"passed","title":"shows the existing config in the sidebar","duration":147.03569999999854,"failureMessages":[],"meta":{}},{"ancestorTitles":["MachineConfigDialog"],"fullName":"MachineConfigDialog renders General, Pen Commands, and Connection sections","status":"passed","title":"renders General, Pen Commands, and Connection sections","duration":148.03529999999955,"failureMessages":[],"meta":{}},{"ancestorTitles":["MachineConfigDialog"],"fullName":"MachineConfigDialog renders form fields for bed dimensions","status":"passed","title":"renders form fields for bed dimensions","duration":139.5676000000003,"failureMessages":[],"meta":{}},{"ancestorTitles":["MachineConfigDialog"],"fullName":"MachineConfigDialog calls onClose when close button clicked","status":"passed","title":"calls onClose when close button clicked","duration":777.1268,"failureMessages":[],"meta":{}},{"ancestorTitles":["MachineConfigDialog"],"fullName":"MachineConfigDialog calls onClose when × button clicked","status":"passed","title":"calls onClose when × button clicked","duration":287.58910000000105,"failureMessages":[],"meta":{}},{"ancestorTitles":["MachineConfigDialog"],"fullName":"MachineConfigDialog shows Save Changes button as 'Saved' initially","status":"passed","title":"shows Save Changes button as 'Saved' initially","duration":75.22160000000076,"failureMessages":[],"meta":{}},{"ancestorTitles":["MachineConfigDialog"],"fullName":"MachineConfigDialog shows + New, Copy, Del buttons","status":"passed","title":"shows + New, Copy, Del buttons","duration":95.93289999999979,"failureMessages":[],"meta":{}},{"ancestorTitles":["MachineConfigDialog"],"fullName":"MachineConfigDialog shows Export and Import buttons","status":"passed","title":"shows Export and Import buttons","duration":83.34109999999964,"failureMessages":[],"meta":{}},{"ancestorTitles":["MachineConfigDialog"],"fullName":"MachineConfigDialog shows Set as Active button","status":"passed","title":"shows Set as Active button","duration":105.34690000000046,"failureMessages":[],"meta":{}},{"ancestorTitles":["MachineConfigDialog"],"fullName":"MachineConfigDialog shows locked banner when connected to active config","status":"passed","title":"shows locked banner when connected to active config","duration":79.89669999999933,"failureMessages":[],"meta":{}},{"ancestorTitles":["MachineConfigDialog"],"fullName":"MachineConfigDialog shows pen command fields","status":"passed","title":"shows pen command fields","duration":79.98949999999968,"failureMessages":[],"meta":{}},{"ancestorTitles":["MachineConfigDialog"],"fullName":"MachineConfigDialog shows swap and reset buttons for pen commands","status":"passed","title":"shows swap and reset buttons for pen commands","duration":87.73179999999957,"failureMessages":[],"meta":{}},{"ancestorTitles":["MachineConfigDialog"],"fullName":"MachineConfigDialog renders wifi/usb radio options","status":"passed","title":"renders wifi/usb radio options","duration":73.16779999999926,"failureMessages":[],"meta":{}}],"startTime":1772316612553,"endTime":1772316615128.1677,"status":"passed","message":"","name":"D:/OneDrive/Code/theworkisthework/terraForge/tests/component/MachineConfigDialog.test.tsx"},{"assertionResults":[{"ancestorTitles":["PropertiesPanel"],"fullName":"PropertiesPanel renders the Properties heading","status":"passed","title":"renders the Properties heading","duration":115.80189999999857,"failureMessages":[],"meta":{}},{"ancestorTitles":["PropertiesPanel"],"fullName":"PropertiesPanel shows import items when imports exist","status":"passed","title":"shows import items when imports exist","duration":18.700700000001234,"failureMessages":[],"meta":{}},{"ancestorTitles":["PropertiesPanel"],"fullName":"PropertiesPanel shows 'no imports' placeholder when empty","status":"passed","title":"shows 'no imports' placeholder when empty","duration":23.24409999999989,"failureMessages":[],"meta":{}},{"ancestorTitles":["PropertiesPanel"],"fullName":"PropertiesPanel shows position controls when an import is selected","status":"passed","title":"shows position controls when an import is selected","duration":55.83129999999983,"failureMessages":[],"meta":{}}],"startTime":1772316622895,"endTime":1772316623111.8313,"status":"passed","message":"","name":"D:/OneDrive/Code/theworkisthework/terraForge/tests/component/PropertiesPanel.test.tsx"},{"assertionResults":[{"ancestorTitles":["TaskBar"],"fullName":"TaskBar renders nothing when there are no tasks","status":"passed","title":"renders nothing when there are no tasks","duration":62.35370000000148,"failureMessages":[],"meta":{}},{"ancestorTitles":["TaskBar"],"fullName":"TaskBar shows a running task with label","status":"passed","title":"shows a running task with label","duration":71.66059999999925,"failureMessages":[],"meta":{}},{"ancestorTitles":["TaskBar"],"fullName":"TaskBar shows progress percentage for a running task with progress","status":"passed","title":"shows progress percentage for a running task with progress","duration":30.642899999998917,"failureMessages":[],"meta":{}},{"ancestorTitles":["TaskBar"],"fullName":"TaskBar shows checkmark for completed task","status":"passed","title":"shows checkmark for completed task","duration":10.616799999999785,"failureMessages":[],"meta":{}},{"ancestorTitles":["TaskBar"],"fullName":"TaskBar shows error indicator and error message","status":"passed","title":"shows error indicator and error message","duration":14.890299999999115,"failureMessages":[],"meta":{}},{"ancestorTitles":["TaskBar"],"fullName":"TaskBar cancel button triggers cancelTask on running task","status":"passed","title":"cancel button triggers cancelTask on running task","duration":625.5397000000012,"failureMessages":[],"meta":{}},{"ancestorTitles":["TaskBar"],"fullName":"TaskBar dismiss button removes a completed task","status":"passed","title":"dismiss button removes a completed task","duration":254.4242000000013,"failureMessages":[],"meta":{}},{"ancestorTitles":["TaskBar"],"fullName":"TaskBar shows multiple tasks","status":"passed","title":"shows multiple tasks","duration":11.506900000000314,"failureMessages":[],"meta":{}}],"startTime":1772316622377,"endTime":1772316623459.5068,"status":"passed","message":"","name":"D:/OneDrive/Code/theworkisthework/terraForge/tests/component/TaskBar.test.tsx"},{"assertionResults":[{"ancestorTitles":["Toolbar"],"fullName":"Toolbar renders the brand name","status":"passed","title":"renders the brand name","duration":188.2456999999995,"failureMessages":[],"meta":{}},{"ancestorTitles":["Toolbar"],"fullName":"Toolbar renders the machine selector dropdown","status":"passed","title":"renders the machine selector dropdown","duration":37.17669999999998,"failureMessages":[],"meta":{}},{"ancestorTitles":["Toolbar"],"fullName":"Toolbar shows Connect button when disconnected","status":"passed","title":"shows Connect button when disconnected","duration":21.03060000000005,"failureMessages":[],"meta":{}},{"ancestorTitles":["Toolbar"],"fullName":"Toolbar shows Disconnect button when connected","status":"passed","title":"shows Disconnect button when connected","duration":21.324099999999817,"failureMessages":[],"meta":{}},{"ancestorTitles":["Toolbar"],"fullName":"Toolbar shows Offline status when not connected","status":"passed","title":"shows Offline status when not connected","duration":28.95379999999932,"failureMessages":[],"meta":{}},{"ancestorTitles":["Toolbar"],"fullName":"Toolbar shows Connected status when wsLive","status":"passed","title":"shows Connected status when wsLive","duration":15.296899999999368,"failureMessages":[],"meta":{}},{"ancestorTitles":["Toolbar"],"fullName":"Toolbar renders Import SVG button","status":"passed","title":"renders Import SVG button","duration":16.092999999998938,"failureMessages":[],"meta":{}},{"ancestorTitles":["Toolbar"],"fullName":"Toolbar renders Import G-code button","status":"passed","title":"renders Import G-code button","duration":23.14549999999872,"failureMessages":[],"meta":{}},{"ancestorTitles":["Toolbar"],"fullName":"Toolbar renders Generate G-code button","status":"passed","title":"renders Generate G-code button","duration":13.940300000000207,"failureMessages":[],"meta":{}},{"ancestorTitles":["Toolbar"],"fullName":"Toolbar disables Generate G-code when no imports","status":"passed","title":"disables Generate G-code when no imports","duration":19.16700000000128,"failureMessages":[],"meta":{}},{"ancestorTitles":["Toolbar"],"fullName":"Toolbar enables Generate G-code when imports exist","status":"passed","title":"enables Generate G-code when imports exist","duration":27.225500000000466,"failureMessages":[],"meta":{}},{"ancestorTitles":["Toolbar"],"fullName":"Toolbar renders Home button","status":"passed","title":"renders Home button","duration":10.169300000001385,"failureMessages":[],"meta":{}},{"ancestorTitles":["Toolbar"],"fullName":"Toolbar disables Home when not connected","status":"passed","title":"disables Home when not connected","duration":29.336999999999534,"failureMessages":[],"meta":{}},{"ancestorTitles":["Toolbar"],"fullName":"Toolbar renders Jog button","status":"passed","title":"renders Jog button","duration":10.957399999999325,"failureMessages":[],"meta":{}},{"ancestorTitles":["Toolbar"],"fullName":"Toolbar renders settings button","status":"passed","title":"renders settings button","duration":9.83940000000075,"failureMessages":[],"meta":{}},{"ancestorTitles":["Toolbar"],"fullName":"Toolbar disables machine selector while connected","status":"passed","title":"disables machine selector while connected","duration":576.7739999999994,"failureMessages":[],"meta":{}}],"startTime":1772316613179,"endTime":1772316614228.774,"status":"passed","message":"","name":"D:/OneDrive/Code/theworkisthework/terraForge/tests/component/Toolbar.test.tsx"},{"assertionResults":[{"ancestorTitles":["FluidNCClient"],"fullName":"FluidNCClient parses status from /state endpoint","status":"passed","title":"parses status from /state endpoint","duration":40.527100000001155,"failureMessages":[],"meta":{}},{"ancestorTitles":["FluidNCClient"],"fullName":"FluidNCClient sends command via GET for fw 4.x (default)","status":"passed","title":"sends command via GET for fw 4.x (default)","duration":3.34939999999915,"failureMessages":[],"meta":{}},{"ancestorTitles":["FluidNCClient"],"fullName":"FluidNCClient parses file listing from /files endpoint","status":"passed","title":"parses file listing from /files endpoint","duration":6.770599999999831,"failureMessages":[],"meta":{}},{"ancestorTitles":["FluidNCClient"],"fullName":"FluidNCClient handles empty file list","status":"passed","title":"handles empty file list","duration":1.4065000000009604,"failureMessages":[],"meta":{}},{"ancestorTitles":["FluidNCClient"],"fullName":"FluidNCClient parses SD file listing from /upload endpoint","status":"passed","title":"parses SD file listing from /upload endpoint","duration":2.743800000000192,"failureMessages":[],"meta":{}},{"ancestorTitles":["FluidNCClient"],"fullName":"FluidNCClient sends $SD/Run command for sd filesystem","status":"passed","title":"sends $SD/Run command for sd filesystem","duration":1.134699999998702,"failureMessages":[],"meta":{}},{"ancestorTitles":["FluidNCClient"],"fullName":"FluidNCClient sends $LocalFS/Run command for fs filesystem","status":"passed","title":"sends $LocalFS/Run command for fs filesystem","duration":0.6954999999998108,"failureMessages":[],"meta":{}},{"ancestorTitles":["FluidNCClient"],"fullName":"FluidNCClient throws on HTTP error from getStatus","status":"passed","title":"throws on HTTP error from getStatus","duration":4.03230000000076,"failureMessages":[],"meta":{}},{"ancestorTitles":["FluidNCClient"],"fullName":"FluidNCClient throws on HTTP error from sendCommand","status":"passed","title":"throws on HTTP error from sendCommand","duration":1.745600000000195,"failureMessages":[],"meta":{}},{"ancestorTitles":["FluidNCClient"],"fullName":"FluidNCClient constructs correct base URL","status":"passed","title":"constructs correct base URL","duration":3.000500000000102,"failureMessages":[],"meta":{}},{"ancestorTitles":["FluidNCClient"],"fullName":"FluidNCClient sends delete command via sendCommand","status":"passed","title":"sends delete command via sendCommand","duration":1.49120000000039,"failureMessages":[],"meta":{}}],"startTime":1772316624784,"endTime":1772316624852.4912,"status":"passed","message":"","name":"D:/OneDrive/Code/theworkisthework/terraForge/tests/unit/fluidnc.test.ts"},{"assertionResults":[{"ancestorTitles":["tokenizePath"],"fullName":"tokenizePath parses a simple M…L path","status":"passed","title":"parses a simple M…L path","duration":5.800100000000384,"failureMessages":[],"meta":{}},{"ancestorTitles":["tokenizePath"],"fullName":"tokenizePath returns empty for an empty string","status":"passed","title":"returns empty for an empty string","duration":0.7907999999997628,"failureMessages":[],"meta":{}},{"ancestorTitles":["tokenizePath"],"fullName":"tokenizePath handles lowercase (relative) commands","status":"passed","title":"handles lowercase (relative) commands","duration":0.9331999999994878,"failureMessages":[],"meta":{}},{"ancestorTitles":["tokenizePath"],"fullName":"tokenizePath handles comma-separated coordinates","status":"passed","title":"handles comma-separated coordinates","duration":0.7044000000005326,"failureMessages":[],"meta":{}},{"ancestorTitles":["tokenizePath"],"fullName":"tokenizePath handles negative numbers","status":"passed","title":"handles negative numbers","duration":0.8078999999997905,"failureMessages":[],"meta":{}},{"ancestorTitles":["tokenizePath"],"fullName":"tokenizePath parses Z command with no args","status":"passed","title":"parses Z command with no args","duration":1.2737999999999374,"failureMessages":[],"meta":{}},{"ancestorTitles":["tokenizePath"],"fullName":"tokenizePath parses cubic bezier (C) command","status":"passed","title":"parses cubic bezier (C) command","duration":3.6226999999998952,"failureMessages":[],"meta":{}},{"ancestorTitles":["tokenizePath"],"fullName":"tokenizePath parses arc (A) command","status":"passed","title":"parses arc (A) command","duration":0.9517000000005282,"failureMessages":[],"meta":{}},{"ancestorTitles":["toAbsolute"],"fullName":"toAbsolute passes through already-absolute M/L commands unchanged","status":"passed","title":"passes through already-absolute M/L commands unchanged","duration":1.6233000000001994,"failureMessages":[],"meta":{}},{"ancestorTitles":["toAbsolute"],"fullName":"toAbsolute converts relative m to absolute M","status":"passed","title":"converts relative m to absolute M","duration":0.8076000000000931,"failureMessages":[],"meta":{}},{"ancestorTitles":["toAbsolute"],"fullName":"toAbsolute converts relative l to absolute L with accumulated position","status":"passed","title":"converts relative l to absolute L with accumulated position","duration":0.5471999999999753,"failureMessages":[],"meta":{}},{"ancestorTitles":["toAbsolute"],"fullName":"toAbsolute converts relative h to absolute H","status":"passed","title":"converts relative h to absolute H","duration":0.5213999999996304,"failureMessages":[],"meta":{}},{"ancestorTitles":["toAbsolute"],"fullName":"toAbsolute converts relative v to absolute V","status":"passed","title":"converts relative v to absolute V","duration":0.5585999999993874,"failureMessages":[],"meta":{}},{"ancestorTitles":["toAbsolute"],"fullName":"toAbsolute resets position on Z","status":"passed","title":"resets position on Z","duration":0.5402000000003682,"failureMessages":[],"meta":{}},{"ancestorTitles":["toAbsolute"],"fullName":"toAbsolute handles poly-point M (implicit lineto)","status":"passed","title":"handles poly-point M (implicit lineto)","duration":0.4650000000001455,"failureMessages":[],"meta":{}},{"ancestorTitles":["toAbsolute"],"fullName":"toAbsolute converts relative cubic c to absolute C","status":"passed","title":"converts relative cubic c to absolute C","duration":0.505500000000211,"failureMessages":[],"meta":{}},{"ancestorTitles":["toAbsolute"],"fullName":"toAbsolute converts relative arc a to absolute A","status":"passed","title":"converts relative arc a to absolute A","duration":0.7422999999998865,"failureMessages":[],"meta":{}},{"ancestorTitles":["transformPt"],"fullName":"transformPt bottom-left origin — flips Y","status":"passed","title":"bottom-left origin — flips Y","duration":1.0980999999992491,"failureMessages":[],"meta":{}},{"ancestorTitles":["transformPt"],"fullName":"transformPt top-left origin — Y is identity","status":"passed","title":"top-left origin — Y is identity","duration":0.5579999999999927,"failureMessages":[],"meta":{}},{"ancestorTitles":["transformPt"],"fullName":"transformPt bottom-right origin — mirrors X and flips Y","status":"passed","title":"bottom-right origin — mirrors X and flips Y","duration":0.5230000000001382,"failureMessages":[],"meta":{}},{"ancestorTitles":["transformPt"],"fullName":"transformPt top-right origin — mirrors X only","status":"passed","title":"top-right origin — mirrors X only","duration":0.9856000000008862,"failureMessages":[],"meta":{}},{"ancestorTitles":["transformPt"],"fullName":"transformPt center origin — shifts to center","status":"passed","title":"center origin — shifts to center","duration":0.769800000000032,"failureMessages":[],"meta":{}},{"ancestorTitles":["transformPt"],"fullName":"transformPt applies scale factor","status":"passed","title":"applies scale factor","duration":0.5630000000001019,"failureMessages":[],"meta":{}},{"ancestorTitles":["transformPt"],"fullName":"transformPt applies 90° rotation","status":"passed","title":"applies 90° rotation","duration":0.5815000000002328,"failureMessages":[],"meta":{}},{"ancestorTitles":["transformPt"],"fullName":"transformPt applies position offset","status":"passed","title":"applies position offset","duration":0.6493000000000393,"failureMessages":[],"meta":{}},{"ancestorTitles":["cubicBezier"],"fullName":"cubicBezier always ends at the endpoint","status":"passed","title":"always ends at the endpoint","duration":0.996499999999287,"failureMessages":[],"meta":{}},{"ancestorTitles":["cubicBezier"],"fullName":"cubicBezier returns at least the endpoint for a flat curve","status":"passed","title":"returns at least the endpoint for a flat curve","duration":0.7528000000002066,"failureMessages":[],"meta":{}},{"ancestorTitles":["cubicBezier"],"fullName":"cubicBezier generates intermediate points for a non-flat curve","status":"passed","title":"generates intermediate points for a non-flat curve","duration":0.7127000000000407,"failureMessages":[],"meta":{}},{"ancestorTitles":["quadBezier"],"fullName":"quadBezier always ends at the endpoint","status":"passed","title":"always ends at the endpoint","duration":0.7201999999997497,"failureMessages":[],"meta":{}},{"ancestorTitles":["arcToBeziers"],"fullName":"arcToBeziers returns empty for coincident start/end points","status":"passed","title":"returns empty for coincident start/end points","duration":0.8162000000002081,"failureMessages":[],"meta":{}},{"ancestorTitles":["arcToBeziers"],"fullName":"arcToBeziers returns the endpoint for zero radii (degenerate arc)","status":"passed","title":"returns the endpoint for zero radii (degenerate arc)","duration":0.41300000000046566,"failureMessages":[],"meta":{}},{"ancestorTitles":["arcToBeziers"],"fullName":"arcToBeziers generates points approximating a semicircle","status":"passed","title":"generates points approximating a semicircle","duration":0.7372000000004846,"failureMessages":[],"meta":{}},{"ancestorTitles":["nearestNeighbourSort"],"fullName":"nearestNeighbourSort returns empty for empty input","status":"passed","title":"returns empty for empty input","duration":0.6284000000005108,"failureMessages":[],"meta":{}},{"ancestorTitles":["nearestNeighbourSort"],"fullName":"nearestNeighbourSort returns a single subpath unchanged","status":"passed","title":"returns a single subpath unchanged","duration":0.9654000000000451,"failureMessages":[],"meta":{}},{"ancestorTitles":["nearestNeighbourSort"],"fullName":"nearestNeighbourSort picks the nearest subpath first (from origin 0,0)","status":"passed","title":"picks the nearest subpath first (from origin 0,0)","duration":0.6747999999997774,"failureMessages":[],"meta":{}},{"ancestorTitles":["nearestNeighbourSort"],"fullName":"nearestNeighbourSort chains closest-end to next-start correctly","status":"passed","title":"chains closest-end to next-start correctly","duration":0.7602999999999156,"failureMessages":[],"meta":{}},{"ancestorTitles":["flattenToSubpaths"],"fullName":"flattenToSubpaths converts a simple line path to one subpath with 2 points","status":"passed","title":"converts a simple line path to one subpath with 2 points","duration":11.703700000000026,"failureMessages":[],"meta":{}},{"ancestorTitles":["flattenToSubpaths"],"fullName":"flattenToSubpaths splits at M commands into separate subpaths","status":"passed","title":"splits at M commands into separate subpaths","duration":0.5857999999998356,"failureMessages":[],"meta":{}},{"ancestorTitles":["flattenToSubpaths"],"fullName":"flattenToSubpaths handles Z (close path) by creating a closed subpath","status":"passed","title":"handles Z (close path) by creating a closed subpath","duration":1.0516999999999825,"failureMessages":[],"meta":{}},{"ancestorTitles":["flattenToSubpaths"],"fullName":"flattenToSubpaths generates many points for a curve path","status":"passed","title":"generates many points for a curve path","duration":1.6246999999993932,"failureMessages":[],"meta":{}},{"ancestorTitles":["fmtCoord"],"fullName":"fmtCoord formats to 3 decimal places","status":"passed","title":"formats to 3 decimal places","duration":0.5518000000001848,"failureMessages":[],"meta":{}}],"startTime":1772316621721,"endTime":1772316621777.5518,"status":"passed","message":"","name":"D:/OneDrive/Code/theworkisthework/terraForge/tests/unit/gcodeEngine.test.ts"},{"assertionResults":[{"ancestorTitles":["parseGcode"],"fullName":"parseGcode returns empty paths for an empty string","status":"passed","title":"returns empty paths for an empty string","duration":3.7672999999995227,"failureMessages":[],"meta":{}},{"ancestorTitles":["parseGcode"],"fullName":"parseGcode returns empty paths for pure comment lines","status":"passed","title":"returns empty paths for pure comment lines","duration":0.9880999999995765,"failureMessages":[],"meta":{}},{"ancestorTitles":["parseGcode"],"fullName":"parseGcode parses a single G0 rapid move","status":"passed","title":"parses a single G0 rapid move","duration":1.8274000000001251,"failureMessages":[],"meta":{}},{"ancestorTitles":["parseGcode"],"fullName":"parseGcode generates separate M-L segments for multiple rapids","status":"passed","title":"generates separate M-L segments for multiple rapids","duration":0.7497999999995955,"failureMessages":[],"meta":{}},{"ancestorTitles":["parseGcode"],"fullName":"parseGcode parses a single G1 linear feed move","status":"passed","title":"parses a single G1 linear feed move","duration":0.6170000000001892,"failureMessages":[],"meta":{}},{"ancestorTitles":["parseGcode"],"fullName":"parseGcode continues the same cut sub-path for consecutive G1 moves","status":"passed","title":"continues the same cut sub-path for consecutive G1 moves","duration":0.4378999999998996,"failureMessages":[],"meta":{}},{"ancestorTitles":["parseGcode"],"fullName":"parseGcode starts a new cut sub-path after a rapid intervenes","status":"passed","title":"starts a new cut sub-path after a rapid intervenes","duration":0.38180000000011205,"failureMessages":[],"meta":{}},{"ancestorTitles":["parseGcode"],"fullName":"parseGcode treats G2 clockwise arc as a feed move","status":"passed","title":"treats G2 clockwise arc as a feed move","duration":0.6022000000002663,"failureMessages":[],"meta":{}},{"ancestorTitles":["parseGcode"],"fullName":"parseGcode treats G3 counter-clockwise arc as a feed move","status":"passed","title":"treats G3 counter-clockwise arc as a feed move","duration":0.5525000000006912,"failureMessages":[],"meta":{}},{"ancestorTitles":["parseGcode"],"fullName":"parseGcode keeps modal motion mode across lines (G1 sticky)","status":"passed","title":"keeps modal motion mode across lines (G1 sticky)","duration":0.4907999999995809,"failureMessages":[],"meta":{}},{"ancestorTitles":["parseGcode"],"fullName":"parseGcode defaults to millimetres (G21)","status":"passed","title":"defaults to millimetres (G21)","duration":0.2745999999997366,"failureMessages":[],"meta":{}},{"ancestorTitles":["parseGcode"],"fullName":"parseGcode scales inch coordinates by 25.4 when G20 is active","status":"passed","title":"scales inch coordinates by 25.4 when G20 is active","duration":0.3188000000000102,"failureMessages":[],"meta":{}},{"ancestorTitles":["parseGcode"],"fullName":"parseGcode switches back to mm with G21 after G20","status":"passed","title":"switches back to mm with G21 after G20","duration":0.42069999999966967,"failureMessages":[],"meta":{}},{"ancestorTitles":["parseGcode"],"fullName":"parseGcode defaults to absolute positioning (G90)","status":"passed","title":"defaults to absolute positioning (G90)","duration":0.389299999999821,"failureMessages":[],"meta":{}},{"ancestorTitles":["parseGcode"],"fullName":"parseGcode handles relative positioning G91","status":"passed","title":"handles relative positioning G91","duration":0.3055000000003929,"failureMessages":[],"meta":{}},{"ancestorTitles":["parseGcode"],"fullName":"parseGcode strips semicolon comments","status":"passed","title":"strips semicolon comments","duration":0.37770000000000437,"failureMessages":[],"meta":{}},{"ancestorTitles":["parseGcode"],"fullName":"parseGcode strips parenthesis comments","status":"passed","title":"strips parenthesis comments","duration":0.24470000000019354,"failureMessages":[],"meta":{}},{"ancestorTitles":["parseGcode"],"fullName":"parseGcode tracks bounding box correctly","status":"passed","title":"tracks bounding box correctly","duration":1.5124000000005253,"failureMessages":[],"meta":{}},{"ancestorTitles":["parseGcode"],"fullName":"parseGcode returns zero bounds for gcode with no XY moves","status":"passed","title":"returns zero bounds for gcode with no XY moves","duration":0.4050999999999476,"failureMessages":[],"meta":{}},{"ancestorTitles":["parseGcode"],"fullName":"parseGcode counts all lines including blank ones","status":"passed","title":"counts all lines including blank ones","duration":0.27629999999953725,"failureMessages":[],"meta":{}},{"ancestorTitles":["parseGcode"],"fullName":"parseGcode inherits previous coordinate when only X or Y is specified","status":"passed","title":"inherits previous coordinate when only X or Y is specified","duration":0.2578000000003158,"failureMessages":[],"meta":{}}],"startTime":1772316629506,"endTime":1772316629522.405,"status":"passed","message":"","name":"D:/OneDrive/Code/theworkisthework/terraForge/tests/unit/gcodeParser.test.ts"},{"assertionResults":[{"ancestorTitles":["parseFluidNCStatus"],"fullName":"parseFluidNCStatus parses Idle state","status":"passed","title":"parses Idle state","duration":5.10360000000037,"failureMessages":[],"meta":{}},{"ancestorTitles":["parseFluidNCStatus"],"fullName":"parseFluidNCStatus parses Run state","status":"passed","title":"parses Run state","duration":1.1742999999996755,"failureMessages":[],"meta":{}},{"ancestorTitles":["parseFluidNCStatus"],"fullName":"parseFluidNCStatus parses Hold state","status":"passed","title":"parses Hold state","duration":0.596599999999853,"failureMessages":[],"meta":{}},{"ancestorTitles":["parseFluidNCStatus"],"fullName":"parseFluidNCStatus parses Alarm state","status":"passed","title":"parses Alarm state","duration":0.5986999999995533,"failureMessages":[],"meta":{}},{"ancestorTitles":["parseFluidNCStatus"],"fullName":"parseFluidNCStatus parses Jog state","status":"passed","title":"parses Jog state","duration":0.674300000000585,"failureMessages":[],"meta":{}},{"ancestorTitles":["parseFluidNCStatus"],"fullName":"parseFluidNCStatus returns Unknown for invalid state","status":"passed","title":"returns Unknown for invalid state","duration":0.49840000000040163,"failureMessages":[],"meta":{}},{"ancestorTitles":["parseFluidNCStatus"],"fullName":"parseFluidNCStatus returns Unknown for empty/garbage input","status":"passed","title":"returns Unknown for empty/garbage input","duration":0.5052000000005137,"failureMessages":[],"meta":{}},{"ancestorTitles":["parseFluidNCStatus"],"fullName":"parseFluidNCStatus extracts MPos coordinates","status":"passed","title":"extracts MPos coordinates","duration":2.883100000000013,"failureMessages":[],"meta":{}},{"ancestorTitles":["parseFluidNCStatus"],"fullName":"parseFluidNCStatus extracts WPos when present","status":"passed","title":"extracts WPos when present","duration":3.32970000000023,"failureMessages":[],"meta":{}},{"ancestorTitles":["parseFluidNCStatus"],"fullName":"parseFluidNCStatus falls back to MPos for WPos when WPos absent","status":"passed","title":"falls back to MPos for WPos when WPos absent","duration":0.8912000000000262,"failureMessages":[],"meta":{}},{"ancestorTitles":["parseFluidNCStatus"],"fullName":"parseFluidNCStatus defaults positions to 0,0,0 when not present","status":"passed","title":"defaults positions to 0,0,0 when not present","duration":0.4791000000004715,"failureMessages":[],"meta":{}},{"ancestorTitles":["parseFluidNCStatus"],"fullName":"parseFluidNCStatus handles negative coordinates","status":"passed","title":"handles negative coordinates","duration":0.7804999999998472,"failureMessages":[],"meta":{}},{"ancestorTitles":["parseFluidNCStatus"],"fullName":"parseFluidNCStatus extracts line number and total from Ln: field","status":"passed","title":"extracts line number and total from Ln: field","duration":0.5776999999998225,"failureMessages":[],"meta":{}},{"ancestorTitles":["parseFluidNCStatus"],"fullName":"parseFluidNCStatus returns undefined for lineNum when Ln not present","status":"passed","title":"returns undefined for lineNum when Ln not present","duration":0.48140000000057626,"failureMessages":[],"meta":{}},{"ancestorTitles":["parseFluidNCStatus"],"fullName":"parseFluidNCStatus preserves the raw input string","status":"passed","title":"preserves the raw input string","duration":0.30240000000048894,"failureMessages":[],"meta":{}},{"ancestorTitles":["parseFluidNCStatus"],"fullName":"parseFluidNCStatus recognises Idle as a valid state","status":"passed","title":"recognises Idle as a valid state","duration":0.41930000000047585,"failureMessages":[],"meta":{}},{"ancestorTitles":["parseFluidNCStatus"],"fullName":"parseFluidNCStatus recognises Run as a valid state","status":"passed","title":"recognises Run as a valid state","duration":0.19859999999971478,"failureMessages":[],"meta":{}},{"ancestorTitles":["parseFluidNCStatus"],"fullName":"parseFluidNCStatus recognises Hold as a valid state","status":"passed","title":"recognises Hold as a valid state","duration":0.22259999999914726,"failureMessages":[],"meta":{}},{"ancestorTitles":["parseFluidNCStatus"],"fullName":"parseFluidNCStatus recognises Jog as a valid state","status":"passed","title":"recognises Jog as a valid state","duration":0.23359999999956926,"failureMessages":[],"meta":{}},{"ancestorTitles":["parseFluidNCStatus"],"fullName":"parseFluidNCStatus recognises Alarm as a valid state","status":"passed","title":"recognises Alarm as a valid state","duration":0.20640000000003056,"failureMessages":[],"meta":{}},{"ancestorTitles":["parseFluidNCStatus"],"fullName":"parseFluidNCStatus recognises Door as a valid state","status":"passed","title":"recognises Door as a valid state","duration":0.1837999999997919,"failureMessages":[],"meta":{}},{"ancestorTitles":["parseFluidNCStatus"],"fullName":"parseFluidNCStatus recognises Check as a valid state","status":"passed","title":"recognises Check as a valid state","duration":0.21960000000035507,"failureMessages":[],"meta":{}},{"ancestorTitles":["parseFluidNCStatus"],"fullName":"parseFluidNCStatus recognises Home as a valid state","status":"passed","title":"recognises Home as a valid state","duration":0.19900000000052387,"failureMessages":[],"meta":{}},{"ancestorTitles":["parseFluidNCStatus"],"fullName":"parseFluidNCStatus recognises Sleep as a valid state","status":"passed","title":"recognises Sleep as a valid state","duration":0.18329999999969004,"failureMessages":[],"meta":{}}],"startTime":1772316629514,"endTime":1772316629536.2195,"status":"passed","message":"","name":"D:/OneDrive/Code/theworkisthework/terraForge/tests/unit/serial.test.ts"},{"assertionResults":[{"ancestorTitles":["applyMatrixToPathD"],"fullName":"applyMatrixToPathD returns the input unchanged for identity matrix","status":"passed","title":"returns the input unchanged for identity matrix","duration":4.647500000000036,"failureMessages":[],"meta":{}},{"ancestorTitles":["applyMatrixToPathD"],"fullName":"applyMatrixToPathD applies a translation","status":"passed","title":"applies a translation","duration":3.0384000000003653,"failureMessages":[],"meta":{}},{"ancestorTitles":["applyMatrixToPathD"],"fullName":"applyMatrixToPathD applies a uniform scale","status":"passed","title":"applies a uniform scale","duration":0.9029000000000451,"failureMessages":[],"meta":{}},{"ancestorTitles":["applyMatrixToPathD"],"fullName":"applyMatrixToPathD transforms cubic bezier control points","status":"passed","title":"transforms cubic bezier control points","duration":0.9700000000002547,"failureMessages":[],"meta":{}},{"ancestorTitles":["applyMatrixToPathD"],"fullName":"applyMatrixToPathD expands H/V to L before transforming","status":"passed","title":"expands H/V to L before transforming","duration":1.359799999999268,"failureMessages":[],"meta":{}},{"ancestorTitles":["applyMatrixToPathD"],"fullName":"applyMatrixToPathD handles empty path string","status":"passed","title":"handles empty path string","duration":0.47730000000046857,"failureMessages":[],"meta":{}},{"ancestorTitles":["applyMatrixToPathD"],"fullName":"applyMatrixToPathD preserves Z command","status":"passed","title":"preserves Z command","duration":0.6179000000001906,"failureMessages":[],"meta":{}},{"ancestorTitles":["applyMatrixToPathD"],"fullName":"applyMatrixToPathD handles arcs with transform","status":"passed","title":"handles arcs with transform","duration":0.9942000000000917,"failureMessages":[],"meta":{}},{"ancestorTitles":["applyMatrixToPathD"],"fullName":"applyMatrixToPathD handles relative commands by converting to absolute first","status":"passed","title":"handles relative commands by converting to absolute first","duration":0.9067999999997483,"failureMessages":[],"meta":{}},{"ancestorTitles":["computePathsBounds"],"fullName":"computePathsBounds returns null for empty array","status":"passed","title":"returns null for empty array","duration":1.0248000000001412,"failureMessages":[],"meta":{}},{"ancestorTitles":["computePathsBounds"],"fullName":"computePathsBounds returns null for array of empty strings","status":"passed","title":"returns null for array of empty strings","duration":0.35530000000017026,"failureMessages":[],"meta":{}},{"ancestorTitles":["computePathsBounds"],"fullName":"computePathsBounds computes bounds for a simple rectangle path","status":"passed","title":"computes bounds for a simple rectangle path","duration":1.6203999999997905,"failureMessages":[],"meta":{}},{"ancestorTitles":["computePathsBounds"],"fullName":"computePathsBounds merges bounds across multiple paths","status":"passed","title":"merges bounds across multiple paths","duration":0.7492000000002008,"failureMessages":[],"meta":{}},{"ancestorTitles":["computePathsBounds"],"fullName":"computePathsBounds includes control points for cubic beziers (conservative bounds)","status":"passed","title":"includes control points for cubic beziers (conservative bounds)","duration":1.440099999999802,"failureMessages":[],"meta":{}},{"ancestorTitles":["computePathsBounds"],"fullName":"computePathsBounds handles H/V commands via expansion","status":"passed","title":"handles H/V commands via expansion","duration":0.7228999999997541,"failureMessages":[],"meta":{}},{"ancestorTitles":["computePathsBounds"],"fullName":"computePathsBounds handles relative commands","status":"passed","title":"handles relative commands","duration":0.5071000000007189,"failureMessages":[],"meta":{}},{"ancestorTitles":["computePathsBounds"],"fullName":"computePathsBounds handles arc endpoints","status":"passed","title":"handles arc endpoints","duration":0.3712999999997919,"failureMessages":[],"meta":{}},{"ancestorTitles":["getAccumulatedTransform"],"fullName":"getAccumulatedTransform returns identity for an element with no transforms","status":"passed","title":"returns identity for an element with no transforms","duration":12.624499999999898,"failureMessages":[],"meta":{}}],"startTime":1772316628675,"endTime":1772316628710.6245,"status":"passed","message":"","name":"D:/OneDrive/Code/theworkisthework/terraForge/tests/unit/svgTransform.test.ts"},{"assertionResults":[{"ancestorTitles":["TaskManager"],"fullName":"TaskManager creates a task with running status and emits event","status":"passed","title":"creates a task with running status and emits event","duration":17.563099999999395,"failureMessages":[],"meta":{}},{"ancestorTitles":["TaskManager"],"fullName":"TaskManager stores the task so it can be retrieved","status":"passed","title":"stores the task so it can be retrieved","duration":1.9794000000001688,"failureMessages":[],"meta":{}},{"ancestorTitles":["TaskManager"],"fullName":"TaskManager updates progress on a running task","status":"passed","title":"updates progress on a running task","duration":7.2039999999997235,"failureMessages":[],"meta":{}},{"ancestorTitles":["TaskManager"],"fullName":"TaskManager ignores update on non-existent task","status":"passed","title":"ignores update on non-existent task","duration":3.6187000000008993,"failureMessages":[],"meta":{}},{"ancestorTitles":["TaskManager"],"fullName":"TaskManager ignores update on a completed task","status":"passed","title":"ignores update on a completed task","duration":2.2393000000010943,"failureMessages":[],"meta":{}},{"ancestorTitles":["TaskManager"],"fullName":"TaskManager marks status as completed and progress as 100","status":"passed","title":"marks status as completed and progress as 100","duration":1.398299999998926,"failureMessages":[],"meta":{}},{"ancestorTitles":["TaskManager"],"fullName":"TaskManager auto-deletes the task after 5 seconds","status":"passed","title":"auto-deletes the task after 5 seconds","duration":2.8266999999996187,"failureMessages":[],"meta":{}},{"ancestorTitles":["TaskManager"],"fullName":"TaskManager marks status as error with message","status":"passed","title":"marks status as error with message","duration":1.6178999999992811,"failureMessages":[],"meta":{}},{"ancestorTitles":["TaskManager"],"fullName":"TaskManager marks status as cancelled and registers cancellation","status":"passed","title":"marks status as cancelled and registers cancellation","duration":1.638199999999415,"failureMessages":[],"meta":{}},{"ancestorTitles":["TaskManager"],"fullName":"TaskManager returns all current tasks","status":"passed","title":"returns all current tasks","duration":3.346899999998641,"failureMessages":[],"meta":{}}],"startTime":1772316623760,"endTime":1772316623804.347,"status":"passed","message":"","name":"D:/OneDrive/Code/theworkisthework/terraForge/tests/unit/taskManager.test.ts"},{"assertionResults":[{"ancestorTitles":["canvasStore"],"fullName":"canvasStore starts with empty imports","status":"passed","title":"starts with empty imports","duration":7.085100000000239,"failureMessages":[],"meta":{}},{"ancestorTitles":["canvasStore"],"fullName":"canvasStore adds an import","status":"passed","title":"adds an import","duration":11.33219999999983,"failureMessages":[],"meta":{}},{"ancestorTitles":["canvasStore"],"fullName":"canvasStore removes an import by id","status":"passed","title":"removes an import by id","duration":2.1515000000008513,"failureMessages":[],"meta":{}},{"ancestorTitles":["canvasStore"],"fullName":"canvasStore clears selection when removing the selected import","status":"passed","title":"clears selection when removing the selected import","duration":2.0090000000000146,"failureMessages":[],"meta":{}},{"ancestorTitles":["canvasStore"],"fullName":"canvasStore updates an import's properties","status":"passed","title":"updates an import's properties","duration":1.7169999999996435,"failureMessages":[],"meta":{}},{"ancestorTitles":["canvasStore"],"fullName":"canvasStore updates a path inside an import","status":"passed","title":"updates a path inside an import","duration":1.850800000000163,"failureMessages":[],"meta":{}},{"ancestorTitles":["canvasStore"],"fullName":"canvasStore removes a path from an import","status":"passed","title":"removes a path from an import","duration":6.167200000000776,"failureMessages":[],"meta":{}},{"ancestorTitles":["canvasStore"],"fullName":"canvasStore selects an import and clears path selection","status":"passed","title":"selects an import and clears path selection","duration":1.0181999999995242,"failureMessages":[],"meta":{}},{"ancestorTitles":["canvasStore"],"fullName":"canvasStore deselects when selecting null","status":"passed","title":"deselects when selecting null","duration":1.2448999999996886,"failureMessages":[],"meta":{}},{"ancestorTitles":["canvasStore"],"fullName":"canvasStore clears all imports and selections","status":"passed","title":"clears all imports and selections","duration":1.6012999999993554,"failureMessages":[],"meta":{}},{"ancestorTitles":["canvasStore"],"fullName":"canvasStore returns the selected import via selectedImport()","status":"passed","title":"returns the selected import via selectedImport()","duration":1.0464999999994689,"failureMessages":[],"meta":{}},{"ancestorTitles":["canvasStore"],"fullName":"canvasStore returns undefined when nothing is selected","status":"passed","title":"returns undefined when nothing is selected","duration":0.6189999999996871,"failureMessages":[],"meta":{}},{"ancestorTitles":["canvasStore"],"fullName":"canvasStore stores and clears gcode toolpath","status":"passed","title":"stores and clears gcode toolpath","duration":5.03690000000006,"failureMessages":[],"meta":{}},{"ancestorTitles":["canvasStore"],"fullName":"canvasStore converts visible imports/paths to VectorObjects","status":"passed","title":"converts visible imports/paths to VectorObjects","duration":2.3127999999996973,"failureMessages":[],"meta":{}},{"ancestorTitles":["canvasStore"],"fullName":"canvasStore excludes hidden imports from toVectorObjects","status":"passed","title":"excludes hidden imports from toVectorObjects","duration":1.2610999999997148,"failureMessages":[],"meta":{}},{"ancestorTitles":["canvasStore"],"fullName":"canvasStore excludes hidden paths from toVectorObjects","status":"passed","title":"excludes hidden paths from toVectorObjects","duration":2.895300000000134,"failureMessages":[],"meta":{}}],"startTime":1772316622467,"endTime":1772316622517.8953,"status":"passed","message":"","name":"D:/OneDrive/Code/theworkisthework/terraForge/tests/unit/stores/canvasStore.test.ts"},{"assertionResults":[{"ancestorTitles":["consoleStore"],"fullName":"consoleStore starts empty","status":"passed","title":"starts empty","duration":6.824399999999514,"failureMessages":[],"meta":{}},{"ancestorTitles":["consoleStore"],"fullName":"consoleStore appends a line","status":"passed","title":"appends a line","duration":6.288399999999456,"failureMessages":[],"meta":{}},{"ancestorTitles":["consoleStore"],"fullName":"consoleStore caps lines at maxLines and drops oldest","status":"passed","title":"caps lines at maxLines and drops oldest","duration":5.649199999999837,"failureMessages":[],"meta":{}},{"ancestorTitles":["consoleStore"],"fullName":"consoleStore clears all lines","status":"passed","title":"clears all lines","duration":1.7588000000005195,"failureMessages":[],"meta":{}}],"startTime":1772316629493,"endTime":1772316629514.7588,"status":"passed","message":"","name":"D:/OneDrive/Code/theworkisthework/terraForge/tests/unit/stores/consoleStore.test.ts"},{"assertionResults":[{"ancestorTitles":["machineStore"],"fullName":"machineStore sets configs and auto-selects first when none active","status":"passed","title":"sets configs and auto-selects first when none active","duration":12.928399999999783,"failureMessages":[],"meta":{}},{"ancestorTitles":["machineStore"],"fullName":"machineStore preserves activeConfigId when already set","status":"passed","title":"preserves activeConfigId when already set","duration":1.191899999999805,"failureMessages":[],"meta":{}},{"ancestorTitles":["machineStore"],"fullName":"machineStore sets active config id","status":"passed","title":"sets active config id","duration":1.1042000000006738,"failureMessages":[],"meta":{}},{"ancestorTitles":["machineStore"],"fullName":"machineStore stores machine status","status":"passed","title":"stores machine status","duration":1.254399999999805,"failureMessages":[],"meta":{}},{"ancestorTitles":["machineStore"],"fullName":"machineStore sets connected and clears wsLive on disconnect","status":"passed","title":"sets connected and clears wsLive on disconnect","duration":1.109400000000278,"failureMessages":[],"meta":{}},{"ancestorTitles":["machineStore"],"fullName":"machineStore sets WebSocket live state","status":"passed","title":"sets WebSocket live state","duration":0.8064000000003944,"failureMessages":[],"meta":{}},{"ancestorTitles":["machineStore"],"fullName":"machineStore sets and clears selected job file","status":"passed","title":"sets and clears selected job file","duration":2.8707000000003973,"failureMessages":[],"meta":{}},{"ancestorTitles":["machineStore"],"fullName":"machineStore returns the active config","status":"passed","title":"returns the active config","duration":1.1824999999998909,"failureMessages":[],"meta":{}},{"ancestorTitles":["machineStore"],"fullName":"machineStore returns undefined when no config matches","status":"passed","title":"returns undefined when no config matches","duration":0.6503999999995358,"failureMessages":[],"meta":{}},{"ancestorTitles":["machineStore"],"fullName":"machineStore addConfig pushes and persists via IPC","status":"passed","title":"addConfig pushes and persists via IPC","duration":8.839200000000346,"failureMessages":[],"meta":{}},{"ancestorTitles":["machineStore"],"fullName":"machineStore updateConfig patches and persists","status":"passed","title":"updateConfig patches and persists","duration":12.447799999999916,"failureMessages":[],"meta":{}},{"ancestorTitles":["machineStore"],"fullName":"machineStore deleteConfig removes and fallback to first remaining","status":"passed","title":"deleteConfig removes and fallback to first remaining","duration":3.11869999999999,"failureMessages":[],"meta":{}}],"startTime":1772316621752,"endTime":1772316621802.1187,"status":"passed","message":"","name":"D:/OneDrive/Code/theworkisthework/terraForge/tests/unit/stores/machineStore.test.ts"},{"assertionResults":[{"ancestorTitles":["taskStore"],"fullName":"taskStore upserts a task","status":"passed","title":"upserts a task","duration":11.759100000000217,"failureMessages":[],"meta":{}},{"ancestorTitles":["taskStore"],"fullName":"taskStore removes a task","status":"passed","title":"removes a task","duration":1.9163000000007742,"failureMessages":[],"meta":{}},{"ancestorTitles":["taskStore"],"fullName":"taskStore cancelTask calls registered callback","status":"passed","title":"cancelTask calls registered callback","duration":2.142700000000332,"failureMessages":[],"meta":{}},{"ancestorTitles":["taskStore"],"fullName":"taskStore cancelTask falls back to IPC when no callback registered","status":"passed","title":"cancelTask falls back to IPC when no callback registered","duration":4.830799999999726,"failureMessages":[],"meta":{}},{"ancestorTitles":["taskStore"],"fullName":"taskStore activeTasks returns only running tasks","status":"passed","title":"activeTasks returns only running tasks","duration":4.942399999999907,"failureMessages":[],"meta":{}},{"ancestorTitles":["taskStore"],"fullName":"taskStore unregisterCancelCallback removes the callback","status":"passed","title":"unregisterCancelCallback removes the callback","duration":1.5770000000002256,"failureMessages":[],"meta":{}}],"startTime":1772316628541,"endTime":1772316628568.577,"status":"passed","message":"","name":"D:/OneDrive/Code/theworkisthework/terraForge/tests/unit/stores/taskStore.test.ts"}]}
